android-share-bridge/app/build/intermediates/manifest_merge_blame_file/debug/processDebugMainManifest/manifest-merger-blame-debug-report.txt
1<?xml version="1.0" encoding="utf-8"?>
2<manifest xmlns:android="http://schemas.android.com/apk/res/android"
3    package="br.com.softworksistema.taskboard.sharebridge"
4    android:versionCode="224"
5    android:versionName="1.0.0-v224" >
6
7    <uses-sdk
8        android:minSdkVersion="24"
9        android:targetSdkVersion="35" />
10
11    <uses-permission android:name="android.permission.INTERNET" />
11-->src\main\AndroidManifest.xml:3:5-67
11-->src\main\AndroidManifest.xml:3:22-64
12
13    <application
13-->src\main\AndroidManifest.xml:5:5-35:19
14        android:allowBackup="false"
14-->src\main\AndroidManifest.xml:6:9-36
15        android:debuggable="true"
16        android:extractNativeLibs="false"
17        android:icon="@drawable/ic_taskboard"
17-->src\main\AndroidManifest.xml:7:9-46
18        android:label="@string/app_name"
18-->src\main\AndroidManifest.xml:8:9-41
19        android:supportsRtl="true"
19-->src\main\AndroidManifest.xml:9:9-35
20        android:theme="@android:style/Theme.Material.Light.NoActionBar" >
20-->src\main\AndroidManifest.xml:10:9-72
21
22        <!--
23          Sem LAUNCHER de propósito: este APK é somente a ponte de compartilhamento.
24          Ele aparece em Compartilhar, recebe a URI real do Android e abre o TaskBoard web.
25        -->
26        <activity
26-->src\main\AndroidManifest.xml:16:9-34:20
27            android:name="br.com.softworksistema.taskboard.sharebridge.ShareReceiverActivity"
27-->src\main\AndroidManifest.xml:17:13-50
28            android:excludeFromRecents="true"
28-->src\main\AndroidManifest.xml:19:13-46
29            android:exported="true"
29-->src\main\AndroidManifest.xml:18:13-36
30            android:label="TaskBoard (Compartilhar)"
30-->src\main\AndroidManifest.xml:21:13-53
31            android:noHistory="true" >
31-->src\main\AndroidManifest.xml:20:13-37
32            <intent-filter>
32-->src\main\AndroidManifest.xml:23:13-27:29
33                <action android:name="android.intent.action.SEND" />
33-->src\main\AndroidManifest.xml:24:17-69
33-->src\main\AndroidManifest.xml:24:25-66
34
35                <category android:name="android.intent.category.DEFAULT" />
35-->src\main\AndroidManifest.xml:25:17-76
35-->src\main\AndroidManifest.xml:25:27-73
36
37                <data android:mimeType="*/*" />
37-->src\main\AndroidManifest.xml:26:17-48
37-->src\main\AndroidManifest.xml:26:23-45
38            </intent-filter>
39            <intent-filter>
39-->src\main\AndroidManifest.xml:29:13-33:29
40                <action android:name="android.intent.action.SEND_MULTIPLE" />
40-->src\main\AndroidManifest.xml:30:17-78
40-->src\main\AndroidManifest.xml:30:25-75
41
42                <category android:name="android.intent.category.DEFAULT" />
42-->src\main\AndroidManifest.xml:25:17-76
42-->src\main\AndroidManifest.xml:25:27-73
43
44                <data android:mimeType="*/*" />
44-->src\main\AndroidManifest.xml:26:17-48
44-->src\main\AndroidManifest.xml:26:23-45
45            </intent-filter>
46        </activity>
47    </application>
48
49</manifest>